<?xml version="1.0" encoding="UTF-8"?>
<testng-results skipped="0" failed="0" ignored="0" total="5" passed="5">
  <reporter-output>
  </reporter-output>
  <suite name="Default suite" duration-ms="7345" started-at="2020-01-04T21:25:13Z" finished-at="2020-01-04T21:25:21Z">
    <groups>
    </groups>
    <test name="Default test" duration-ms="7345" started-at="2020-01-04T21:25:13Z" finished-at="2020-01-04T21:25:21Z">
      <class name="xMLResponseTest.BasicValidation_XML_response">
        <test-method status="PASS" signature="testingSingleContent()[pri:1, instance:xMLResponseTest.BasicValidation_XML_response@1774679]" name="testingSingleContent" duration-ms="5243" started-at="2020-01-04T21:25:13Z" finished-at="2020-01-04T21:25:19Z">
          <reporter-output>
          </reporter-output>
        </test-method> <!-- testingSingleContent -->
        <test-method status="PASS" signature="testMultipleContents()[pri:2, instance:xMLResponseTest.BasicValidation_XML_response@1774679]" name="testMultipleContents" duration-ms="526" started-at="2020-01-04T21:25:19Z" finished-at="2020-01-04T21:25:19Z">
          <reporter-output>
          </reporter-output>
        </test-method> <!-- testMultipleContents -->
        <test-method status="PASS" signature="testAllContentinOneGo()[pri:3, instance:xMLResponseTest.BasicValidation_XML_response@1774679]" name="testAllContentinOneGo" duration-ms="443" started-at="2020-01-04T21:25:19Z" finished-at="2020-01-04T21:25:20Z">
          <reporter-output>
          </reporter-output>
        </test-method> <!-- testAllContentinOneGo -->
        <test-method status="PASS" signature="testUsingXpath()[pri:4, instance:xMLResponseTest.BasicValidation_XML_response@1774679]" name="testUsingXpath" duration-ms="519" started-at="2020-01-04T21:25:20Z" finished-at="2020-01-04T21:25:20Z">
          <reporter-output>
          </reporter-output>
        </test-method> <!-- testUsingXpath -->
        <test-method status="PASS" signature="TestUsingXPath2()[pri:5, instance:xMLResponseTest.BasicValidation_XML_response@1774679]" name="TestUsingXPath2" duration-ms="509" started-at="2020-01-04T21:25:20Z" finished-at="2020-01-04T21:25:21Z">
          <reporter-output>
          </reporter-output>
        </test-method> <!-- TestUsingXPath2 -->
      </class> <!-- xMLResponseTest.BasicValidation_XML_response -->
    </test> <!-- Default test -->
  </suite> <!-- Default suite -->
</testng-results>
